    1  docker stop centos7
    2  docker stop centos7
    3  $docker stop centos7
    4  ls /
    5  ls /usr
    6  pwd
    7  cd ~
    8  ~
    9  cd /root
   10  pwd
   11  cd usr
   12  cd /usr
   13  ped
   14  pwd
   15  docker stop centos7
   16  cd /home
   17  mkdir test1
   18  ls
   19  cd /home
   20  mkdir test2/test3
   21  cd /home
   22  mkdir -p test2/test3
   23  ls test2
   24  cd /home
   25  touch test1/index.php
   26  ls test1
   27  cd /home/test1 && ls
   28  cd /home/test1
   29  cp index.php copy.php
   30  ls
   31  cd /home
   32  cp -r test1 test4
   33  ls
   34  ls test4
   35  cd home
   36  mv test2/test3 test3
   37  ls
   38  ls test4
   39  cd /home
   40  mv test2/test3 test3
   41  cd /home
   42  mv test4 test1_copy
   43  ls
   44  cd /home
   45  ls test1
   46  rm test1/copt
   47  rm test1/copy.php
   48  ls test1
   49  cd /home
   50  rm -r test3
   51  ls
   52  cd /home
   53  rm test1_copy/*.php
   54  ls test1_copy
   55  cat readme.md
   56  cd /home
   57  cat readme.md
   58  cd /home
   59  echo '#Hello World' > README.md
   60  cat README.md
   61  echo '# Server Lesson' > README.md
   62  cat README.md
   63  cd /home
   64  echo 'Linux Practice' >>READEME.md
   65  echo '-----------------' >> READEME.md
   66  cat READEME.md
   67  cd /home
   68  vi README.md
   69  cd /root
   70  mkdir server_lesson && cd server_lesson
   71  yum update -y && yum install git
   72  git version
   73  git init
   74  touch first.txt
   75  ls server_lesson
   76  ls root
   77  git init
   78  touch first.txt
   79  ls server_lesson
   80  ls /
   81  cd root
   82  pwd
   83  mkdir linux_practice1
   84  pwd
   85  cd /root/serverlesson/linax_practice1
   86  cd /root/server_lesson/linax_practice1
   87  ls
   88  cd /linux_practice1
   89  pwd
   90  ls
   91* mkdir linux_practice1/public
   92  ls
   93  cd /linux_practice1
   94  cd /server_lesson/linux_practice1
   95  madir -p linux_paractice1/public
   96  mkdir -p linux_paractice1/public
   97  ls server_lesson
   98  pwd
   99  ls
  100  rm linux_paractice1
  101  rm linux_paractice1/public
  102  ls
  103  ls linux_paractice1
  104  rm linux_paractice1/public
  105  rm linux_paractice1
  106  ls
  107  mv linux_paractice1/public linux_practice1
  108  ls
  109  ls linux_practice1
  110  rm linux_paractice1
  111  rm /linux_paractice1
  112  rm server_lesson/linux_paractice1
  113  cd server_lesson
  114  pwd
  115  ls
  116  rm -r linux_paractice1
  117  ls
  118  cd linux_practice1
  119  touch index.php
  120  ls
  121  mv index.php public
  122  ls
  123  ls publix
  124  ls public
  125  cd public
  126  cp index.php index_bk.php
  127  ls
  128  cd /server_lesson
  129  cd server_lesson
  130  cd /root/server_lesson
  131  cp linux_practice1/public linux_practice1/tmp
  132  ls
  133  ls linux_practice1
  134  ls public
  135  cd public
  136  cd linux_practice1
  137  ls
  138  cd public
  139  ls
  140  cd /root/server_lesson
  141  cp -r server_lesson/linux_practice1/public server_lesson/linux_practice1/tmp
  142  cp -r linux_practice1/public linux_practice1/tmp
  143  cp -r linux_practice1
  144  ls linux_practice1
  145  ls tmp
  146  ls linux_practice1/tmp
  147  rm linux_practice1/tmp/index_bk.php
  148  touch README.md
  149  ls
  150  vi README.md
  151  vi README.md
  152  git init
  153  git status
  154   Initial commit
  155  git add .
  156  git status
  157  git commit -m 'Practice1 Answer'
  158  git log
  159  git version
  160  git add
  161  y
  162  git status
  163  git add.
  164  git add .
  165  git status
  166  git commit -m "practice1"
  167    git config --global user.email "you@example.com"
  168    git config --global user.name "Your Name"
  169  git config --global user.email "megmilk19950725@gmail.com"
  170  git config --global user.name "megu0725"
  171  git add .
  172  git commit -m "practice1"
  173  git status
  174  git log
  175  mkdir -p linux_practice2/documents
  176  cd linux_practice2/documents
  177  touch gizumo{01..50}.md
  178  ls documents
  179  ls
  180  git add
  181  git status
  182  pwd
  183  cd /root/server_lesson
  184  git add .
  185  git commit -m "add:practice2 MakeFile"
  186  cd  linux_practice2
  187  touch .gitignore
  188  ls
  189  ls server_lesson
  190  pwd
  191  cd /root/server_lesson
  192  ls
  193  ls -la linux_practice2
  194  ls -a linux_practice2
  195  mkdir linux_practice2/trash
  196  mv linux_practice2/documents/gizumo{20..40}md linux_practice2/trash
  197  mv linux_practice2/documents/gizumo{20..40}.md linux_practice2/trash
  198  ls linux_practice2
  199  ls -a linux_practice2
  200  ls linux_practice2/trash
  201  vi .gitignore
  202  git status
  203  vi .gitignore
  204  git status
  205  vi .gitignore
  206  cat .gitignore
  207  git status
  208  viエディタを使用して .gitignore ファイル に gizumo20.md ~ gizumo29.md までのファイルはgit管理対象に置かない ことを設定する記述を追加
  209  vi .gitignore
  210  git status
  211  cat .gitignore
  212  git rm -r --cached .
  213  git status
  214  ls linux_practice2/trash
  215  vi .gitignore
  216  git status
  217  git log
  218  git status
  219  history 300
  220  history 300 > linux_practice2/exec_command.log
